<?xml version="1.0" encoding="UTF-8"?>
<!-- Generated by org.testng.reporters.JUnitReportReporter -->
<testsuite hostname="DESKTOP-NNGQNDK" failures="0" tests="2" name="com.sgtesting.tests.products.Products" time="0.002" errors="0" timestamp="2021-11-14T14:51:13 IST" skipped="0">
  <testcase classname="com.sgtesting.tests.products.Products" name="modifyProduct" time="0.001"/>
  <system-out/>
  <testcase classname="com.sgtesting.tests.products.Products" name="deleteProduct" time="0.001"/>
  <system-out/>
</testsuite> <!-- com.sgtesting.tests.products.Products -->
