<?xml version="1.0" encoding="UTF-8"?>
<!-- Generated by org.testng.reporters.JUnitReportReporter -->
<testsuite hostname="DESKTOP-NNGQNDK" failures="0" tests="3" name="com.sgtesting.tests.users.Users" time="0.008" errors="0" timestamp="2021-11-14T15:08:50 IST" skipped="0">
  <testcase classname="com.sgtesting.tests.users.Users" name="deleteUser" time="0.001"/>
  <system-out/>
  <testcase classname="com.sgtesting.tests.users.Users" name="modifyUser" time="0.002"/>
  <system-out/>
  <testcase classname="com.sgtesting.tests.users.Users" name="createUser" time="0.005"/>
  <system-out/>
</testsuite> <!-- com.sgtesting.tests.users.Users -->
